# JRE version: Java(TM) SE Runtime Environment (8.0_72-b15) (build 1.8.0_72-b15)
# Java VM: Java HotSpot(TM) 64-Bit Server VM (25.72-b15 mixed mode windows-amd64 compressed oops)
Heap:
 PSYoungGen      total 135680K, used 114449K [0x00000000eb380000, 0x00000000f5480000, 0x0000000100000000)
  eden space 128000K, 89% used [0x00000000eb380000,0x00000000f2344468,0x00000000f3080000)
  from space 7680K, 0% used [0x00000000f3080000,0x00000000f3080000,0x00000000f3800000)
  to   space 9728K, 0% used [0x00000000f4b00000,0x00000000f4b00000,0x00000000f5480000)
 ParOldGen       total 34816K, used 25282K [0x00000000c1a00000, 0x00000000c3c00000, 0x00000000eb380000)
  object space 34816K, 72% used [0x00000000c1a00000,0x00000000c32b0a80,0x00000000c3c00000)
 Metaspace       used 34329K, capacity 36052K, committed 36352K, reserved 1081344K
  class space    used 4763K, capacity 5093K, committed 5120K, reserved 1048576K
GC Heap History (10 events):
Event: 6.213 GC heap before
{Heap before GC invocations=9 (full 1):
 PSYoungGen      total 72192K, used 64512K [0x00000000eb380000, 0x00000000f4080000, 0x0000000100000000)
  eden space 64512K, 100% used [0x00000000eb380000,0x00000000ef280000,0x00000000ef280000)
  from space 7680K, 0% used [0x00000000ef280000,0x00000000ef280000,0x00000000efa00000)
  to   space 7680K, 0% used [0x00000000f3900000,0x00000000f3900000,0x00000000f4080000)
 ParOldGen       total 34816K, used 9052K [0x00000000c1a00000, 0x00000000c3c00000, 0x00000000eb380000)
  object space 34816K, 26% used [0x00000000c1a00000,0x00000000c22d7158,0x00000000c3c00000)
 Metaspace       used 23453K, capacity 24276K, committed 24448K, reserved 1071104K
  class space    used 3213K, capacity 3414K, committed 3456K, reserved 1048576K
Event: 6.226 GC heap after
Heap after GC invocations=9 (full 1):
 PSYoungGen      total 113152K, used 6417K [0x00000000eb380000, 0x00000000f3f80000, 0x0000000100000000)
  eden space 106496K, 0% used [0x00000000eb380000,0x00000000eb380000,0x00000000f1b80000)
  from space 6656K, 96% used [0x00000000f3900000,0x00000000f3f44498,0x00000000f3f80000)
  to   space 7680K, 0% used [0x00000000f3080000,0x00000000f3080000,0x00000000f3800000)
 ParOldGen       total 34816K, used 9060K [0x00000000c1a00000, 0x00000000c3c00000, 0x00000000eb380000)
  object space 34816K, 26% used [0x00000000c1a00000,0x00000000c22d9158,0x00000000c3c00000)
 Metaspace       used 23453K, capacity 24276K, committed 24448K, reserved 1071104K
  class space    used 3213K, capacity 3414K, committed 3456K, reserved 1048576K
}
Event: 8.099 GC heap before
{Heap before GC invocations=10 (full 1):
 PSYoungGen      total 113152K, used 112913K [0x00000000eb380000, 0x00000000f3f80000, 0x0000000100000000)
  eden space 106496K, 100% used [0x00000000eb380000,0x00000000f1b80000,0x00000000f1b80000)
  from space 6656K, 96% used [0x00000000f3900000,0x00000000f3f44498,0x00000000f3f80000)
  to   space 7680K, 0% used [0x00000000f3080000,0x00000000f3080000,0x00000000f3800000)
 ParOldGen       total 34816K, used 9060K [0x00000000c1a00000, 0x00000000c3c00000, 0x00000000eb380000)
  object space 34816K, 26% used [0x00000000c1a00000,0x00000000c22d9158,0x00000000c3c00000)
 Metaspace       used 25084K, capacity 26028K, committed 26240K, reserved 1071104K
  class space    used 3485K, capacity 3696K, committed 3712K, reserved 1048576K
Event: 8.116 GC heap after
Heap after GC invocations=10 (full 1):
 PSYoungGen      total 135680K, used 7673K [0x00000000eb380000, 0x00000000f5480000, 0x0000000100000000)
  eden space 128000K, 0% used [0x00000000eb380000,0x00000000eb380000,0x00000000f3080000)
  from space 7680K, 99% used [0x00000000f3080000,0x00000000f37fe508,0x00000000f3800000)
  to   space 9728K, 0% used [0x00000000f4b00000,0x00000000f4b00000,0x00000000f5480000)
 ParOldGen       total 34816K, used 11480K [0x00000000c1a00000, 0x00000000c3c00000, 0x00000000eb380000)
  object space 34816K, 32% used [0x00000000c1a00000,0x00000000c2536188,0x00000000c3c00000)
 Metaspace       used 25084K, capacity 26028K, committed 26240K, reserved 1071104K
  class space    used 3485K, capacity 3696K, committed 3712K, reserved 1048576K
}
Event: 11.763 GC heap before
{Heap before GC invocations=11 (full 1):
 PSYoungGen      total 135680K, used 135673K [0x00000000eb380000, 0x00000000f5480000, 0x0000000100000000)
  eden space 128000K, 100% used [0x00000000eb380000,0x00000000f3080000,0x00000000f3080000)
  from space 7680K, 99% used [0x00000000f3080000,0x00000000f37fe508,0x00000000f3800000)
  to   space 9728K, 0% used [0x00000000f4b00000,0x00000000f4b00000,0x00000000f5480000)
 ParOldGen       total 34816K, used 11480K [0x00000000c1a00000, 0x00000000c3c00000, 0x00000000eb380000)
  object space 34816K, 32% used [0x00000000c1a00000,0x00000000c2536188,0x00000000c3c00000)
 Metaspace       used 30065K, capacity 31412K, committed 31616K, reserved 1077248K
  class space    used 4135K, capacity 4420K, committed 4480K, reserved 1048576K
Event: 11.794 GC heap after
Heap after GC invocations=11 (full 1):
 PSYoungGen      total 137728K, used 9727K [0x00000000eb380000, 0x00000000f5480000, 0x0000000100000000)
  eden space 128000K, 0% used [0x00000000eb380000,0x00000000eb380000,0x00000000f3080000)
  from space 9728K, 99% used [0x00000000f4b00000,0x00000000f547fc78,0x00000000f5480000)
  to   space 7680K, 0% used [0x00000000f3080000,0x00000000f3080000,0x00000000f3800000)
 ParOldGen       total 34816K, used 18242K [0x00000000c1a00000, 0x00000000c3c00000, 0x00000000eb380000)
  object space 34816K, 52% used [0x00000000c1a00000,0x00000000c2bd0a80,0x00000000c3c00000)
 Metaspace       used 30065K, capacity 31412K, committed 31616K, reserved 1077248K
  class space    used 4135K, capacity 4420K, committed 4480K, reserved 1048576K
}
Event: 15.508 GC heap before
{Heap before GC invocations=12 (full 1):
 PSYoungGen      total 137728K, used 137727K [0x00000000eb380000, 0x00000000f5480000, 0x0000000100000000)
  eden space 128000K, 100% used [0x00000000eb380000,0x00000000f3080000,0x00000000f3080000)
  from space 9728K, 99% used [0x00000000f4b00000,0x00000000f547fc78,0x00000000f5480000)
  to   space 7680K, 0% used [0x00000000f3080000,0x00000000f3080000,0x00000000f3800000)
 ParOldGen       total 34816K, used 18242K [0x00000000c1a00000, 0x00000000c3c00000, 0x00000000eb380000)
  object space 34816K, 52% used [0x00000000c1a00000,0x00000000c2bd0a80,0x00000000c3c00000)
 Metaspace       used 32293K, capacity 33904K, committed 34048K, reserved 1079296K
  class space    used 4460K, capacity 4783K, committed 4864K, reserved 1048576K
Event: 15.536 GC heap after
Heap after GC invocations=12 (full 1):
 PSYoungGen      total 135680K, used 5938K [0x00000000eb380000, 0x00000000f5480000, 0x0000000100000000)
  eden space 128000K, 0% used [0x00000000eb380000,0x00000000eb380000,0x00000000f3080000)
  from space 7680K, 77% used [0x00000000f3080000,0x00000000f364c838,0x00000000f3800000)
  to   space 9728K, 0% used [0x00000000f4b00000,0x00000000f4b00000,0x00000000f5480000)
 ParOldGen       total 34816K, used 27551K [0x00000000c1a00000, 0x00000000c3c00000, 0x00000000eb380000)
  object space 34816K, 79% used [0x00000000c1a00000,0x00000000c34e7c28,0x00000000c3c00000)
 Metaspace       used 32293K, capacity 33904K, committed 34048K, reserved 1079296K
  class space    used 4460K, capacity 4783K, committed 4864K, reserved 1048576K
}
Event: 15.536 GC heap before
{Heap before GC invocations=13 (full 2):
 PSYoungGen      total 135680K, used 5938K [0x00000000eb380000, 0x00000000f5480000, 0x0000000100000000)
  eden space 128000K, 0% used [0x00000000eb380000,0x00000000eb380000,0x00000000f3080000)
  from space 7680K, 77% used [0x00000000f3080000,0x00000000f364c838,0x00000000f3800000)
  to   space 9728K, 0% used [0x00000000f4b00000,0x00000000f4b00000,0x00000000f5480000)
 ParOldGen       total 34816K, used 27551K [0x00000000c1a00000, 0x00000000c3c00000, 0x00000000eb380000)
  object space 34816K, 79% used [0x00000000c1a00000,0x00000000c34e7c28,0x00000000c3c00000)
 Metaspace       used 32293K, capacity 33904K, committed 34048K, reserved 1079296K
  class space    used 4460K, capacity 4783K, committed 4864K, reserved 1048576K
Event: 15.756 GC heap after
Heap after GC invocations=13 (full 2):
 PSYoungGen      total 135680K, used 0K [0x00000000eb380000, 0x00000000f5480000, 0x0000000100000000)
  eden space 128000K, 0% used [0x00000000eb380000,0x00000000eb380000,0x00000000f3080000)
  from space 7680K, 0% used [0x00000000f3080000,0x00000000f3080000,0x00000000f3800000)
  to   space 9728K, 0% used [0x00000000f4b00000,0x00000000f4b00000,0x00000000f5480000)
 ParOldGen       total 34816K, used 25282K [0x00000000c1a00000, 0x00000000c3c00000, 0x00000000eb380000)
  object space 34816K, 72% used [0x00000000c1a00000,0x00000000c32b0a80,0x00000000c3c00000)
 Metaspace       used 32293K, capacity 33904K, committed 34048K, reserved 1079296K
  class space    used 4460K, capacity 4783K, committed 4864K, reserved 1048576K
}

